Unity Editor version:    6000.2.10f1 (d3d30d158480)
Branch:                  6000.2/staging
Build type:              Release
Batch mode:              YES
macOS version:           Version 15.6.1 (Build 24G90)
Darwin version:          24.6.0
Architecture:            arm64
Running under Rosetta:   NO
Available memory:        24576 MB
Date:                    2026-01-16T11:32:44Z
[Licensing::Module] Trying to connect to existing licensing client channel...
[Licensing::IpcConnector] Successfully connected to: "LicenseClient-rina" at "2026-01-16T11:32:44.030505Z"

COMMAND LINE ARGUMENTS:
/Applications/Unity/Hub/Editor/6000.2.10f1/Unity.app/Contents/MacOS/Unity
-adb2
-batchMode
-noUpm
-name
AssetImportWorker4
-projectPath
/Users/rina/IDF
-logFile
Logs/AssetImportWorker4.log
-srvPort
51629
-job-worker-count
6
-background-job-worker-count
8
-gc-helper-count
1
-name AssetImport
Successfully changed project path to: /Users/rina/IDF
/Users/rina/IDF
[UnityMemory] Configuration Parameters - Can be set up in boot.config
    "memorysetup-allocator-temp-initial-block-size-main=262144"
    "memorysetup-allocator-temp-initial-block-size-worker=262144"
    "memorysetup-bucket-allocator-granularity=16"
    "memorysetup-bucket-allocator-bucket-count=8"
    "memorysetup-bucket-allocator-block-size=33554432"
    "memorysetup-bucket-allocator-block-count=8"
    "memorysetup-main-allocator-block-size=16777216"
    "memorysetup-thread-allocator-block-size=16777216"
    "memorysetup-gfx-main-allocator-block-size=16777216"
    "memorysetup-gfx-thread-allocator-block-size=16777216"
    "memorysetup-cache-allocator-block-size=4194304"
    "memorysetup-typetree-allocator-block-size=2097152"
    "memorysetup-profiler-bucket-allocator-granularity=16"
    "memorysetup-profiler-bucket-allocator-bucket-count=8"
    "memorysetup-profiler-bucket-allocator-block-size=33554432"
    "memorysetup-profiler-bucket-allocator-block-count=8"
    "memorysetup-profiler-allocator-block-size=16777216"
    "memorysetup-profiler-editor-allocator-block-size=1048576"
    "memorysetup-temp-allocator-size-main=16777216"
    "memorysetup-job-temp-allocator-block-size=2097152"
    "memorysetup-job-temp-allocator-block-size-background=1048576"
    "memorysetup-job-temp-allocator-reduction-small-platforms=262144"
    "memorysetup-temp-allocator-size-background-worker=32768"
    "memorysetup-temp-allocator-size-job-worker=262144"
    "memorysetup-temp-allocator-size-preload-manager=33554432"
    "memorysetup-temp-allocator-size-nav-mesh-worker=65536"
    "memorysetup-temp-allocator-size-audio-worker=65536"
    "memorysetup-temp-allocator-size-cloud-worker=32768"
    "memorysetup-temp-allocator-size-gi-baking-worker=262144"
    "memorysetup-temp-allocator-size-gi-baking-worker=262144"
    "memorysetup-temp-allocator-size-gi-baking-worker=262144"
    "memorysetup-temp-allocator-size-gi-baking-worker=262144"
    "memorysetup-temp-allocator-size-gi-baking-worker=262144"
    "memorysetup-temp-allocator-size-gfx=262144"
Player connection [8733728960]  Target information:

Player connection [8733728960]  * "[IP] 192.168.1.131 [Port] 0 [Flags] 2 [Guid] 1149824802 [EditorId] 1149824802 [Version] 1048832 [Id] OSXEditor(0,Mac-3.lan) [Debug] 1 [PackageName] OSXEditor [ProjectName] Editor" 

Player connection [8733728960] Host joined multi-casting on [225.0.0.222:54997]...
Player connection [8733728960] Host joined alternative multi-casting on [225.0.0.222:34997]...
JobSystem: Creating JobQueue using job-worker-count value 6
Input System module state changed to: Initialized.
[Physics::Module] Initialized fallback backend.
[Physics::Module] Id: 0xdecafbad
Library Redirect Path: Library/
[Physics::Module] Selected backend.
[Physics::Module] Name: PhysX
[Physics::Module] Id: 0xf2b8ea05
[Physics::Module] SDK Version: 4.1.2
[Physics::Module] Integration Version: 1.0.0
[Physics::Module] Threading Mode: Multi-Threaded
Refreshing native plugins compatible for Editor in 2.70 ms, found 1 plugins.
Preloading 0 native plugins for Editor in 0.00 ms.
Initialize engine version: 6000.2.10f1 (d3d30d158480)
[Subsystems] Discovering subsystems at path /Applications/Unity/Hub/Editor/6000.2.10f1/Unity.app/Contents/Resources/UnitySubsystems
[Subsystems] Discovering subsystems at path /Users/rina/IDF/Assets
GfxDevice: creating device client; kGfxThreadingModeNonThreaded
 preferred device: Apple M4 Pro (high power)
Metal devices available: 1
0: Apple M4 Pro (high power)
Using device Apple M4 Pro (high power)
Initializing Metal device caps: Apple M4 Pro
Mac GPU Family: 2
Apple GPU Family: 9
MSL Version: 3.0
Has Float MSAA: 1
Has Float Filtering: 1
ReadWrite Texture Tier: 2
[Licensing::Client] Code 10 while verifying Licensing Client signature (process Id: 67331, path: "/Applications/Unity Hub.app/Contents/Frameworks/UnityLicensingClient_V1.app/Contents/MacOS/Unity.Licensing.Client")
[Licensing::Module] LicensingClient has failed validation; ignoring
Initialize mono
Mono path[0] = '/Applications/Unity/Hub/Editor/6000.2.10f1/Unity.app/Contents/Managed'
Mono path[1] = '/Applications/Unity/Hub/Editor/6000.2.10f1/Unity.app/Contents/MonoBleedingEdge/lib/mono/unityjit-macos'
Mono config path = '/Applications/Unity/Hub/Editor/6000.2.10f1/Unity.app/Contents/MonoBleedingEdge/etc'
Using monoOptions --debugger-agent=transport=dt_socket,embedding=1,server=y,suspend=n,address=127.0.0.1:56916
[Licensing::Client] Handshaking with LicensingClient:
  Version:                 1.17.4+4293ba1
  Session Id:              af7da489bce24cb59607b53e34550651
  Correlation Id:          74c495842757c5aea247861ad3469680
  External correlation Id: 5668998936511488062
  Machine Id:              H/TpNBT8o3nABazKHKYbvRreewk=
[Licensing::Module] Successfully connected to LicensingClient on channel: "LicenseClient-rina" (connect: 0.00s, validation: 0.00s, handshake: 0.34s)
[Licensing::IpcConnector] Successfully connected to: "LicenseClient-rina-notifications" at "2026-01-16T11:32:44.36886Z"
[Licensing::Module] Licensing Background thread has ended after 0.34s
Begin MonoManager ReloadAssembly
Registering precompiled unity dll's ...
Register platform support module: /Applications/Unity/Hub/Editor/6000.2.10f1/PlaybackEngines/WebGLSupport/UnityEditor.WebGL.Extensions.dll
Register platform support module: /Applications/Unity/Hub/Editor/6000.2.10f1/Unity.app/Contents/PlaybackEngines/MacStandaloneSupport/UnityEditor.OSXStandalone.Extensions.dll
Registered in 0.001345 seconds.
- Loaded All Assemblies, in  0.247 seconds
Native extension for OSXStandalone target not found
Native extension for WebGL target not found
Mono: successfully reloaded assembly
- Finished resetting the current domain, in  0.196 seconds
Domain Reload Profiling: 443ms
	BeginReloadAssembly (89ms)
		ExecutionOrderSort (0ms)
		DisableScriptedObjects (0ms)
		BackupInstance (0ms)
		ReleaseScriptingObjects (0ms)
		CreateAndSetChildDomain (0ms)
	RebuildCommonClasses (21ms)
	RebuildNativeTypeToScriptingClass (7ms)
	initialDomainReloadingComplete (27ms)
	LoadAllAssembliesAndSetupDomain (102ms)
		LoadAssemblies (90ms)
		RebuildTransferFunctionScriptingTraits (0ms)
		AnalyzeDomain (99ms)
			TypeCache.Refresh (98ms)
				TypeCache.ScanAssembly (89ms)
			BuildScriptInfoCaches (0ms)
			ResolveRequiredComponents (0ms)
	FinalizeReload (196ms)
		ReleaseScriptCaches (0ms)
		RebuildScriptCaches (0ms)
		SetupLoadedEditorAssemblies (170ms)
			LogAssemblyErrors (0ms)
			InitializePlatformSupportModulesInManaged (29ms)
			SetLoadedEditorAssemblies (3ms)
			BeforeProcessingInitializeOnLoad (39ms)
			ProcessInitializeOnLoadAttributes (68ms)
			ProcessInitializeOnLoadMethodAttributes (30ms)
			AfterProcessingInitializeOnLoad (0ms)
			EditorAssembliesLoaded (0ms)
		ExecutionOrderSort2 (0ms)
		AwakeInstancesAfterBackupRestoration (0ms)
[CoreBusinessMetrics] Unexpected thread when updating session info.
[CoreBusinessMetrics] Unexpected thread when constructing MetricsHeader.
[CoreBusinessMetrics] Unexpected thread when constructing MetricsHeader.
========================================================================
Worker process is ready to serve import requests
Import Worker Mode flag is 0x00
Begin MonoManager ReloadAssembly
[Licensing::Client] Successfully resolved entitlement details
[Licensing::Module] License group:
  Id: 18966972757630-UnityPersXXXX
  Product: Unity Personal
  Type: Assigned
  Expiration: Unlimited
- Loaded All Assemblies, in  0.428 seconds
Refreshing native plugins compatible for Editor in 0.18 ms, found 1 plugins.
Native extension for OSXStandalone target not found
Native extension for WebGL target not found
Package Manager log level set to [2]
[Package Manager] Failed to launch server process. Reason: Unity was launched with the -noUpm command-line argument
[Package Manager] Unable to send message (not connected to server process).
[Package Manager] Cannot connect to Unity Package Manager local server
Mono: successfully reloaded assembly
- Finished resetting the current domain, in  0.397 seconds
Domain Reload Profiling: 824ms
	BeginReloadAssembly (80ms)
		ExecutionOrderSort (0ms)
		DisableScriptedObjects (3ms)
		BackupInstance (0ms)
		ReleaseScriptingObjects (0ms)
		CreateAndSetChildDomain (21ms)
	RebuildCommonClasses (22ms)
	RebuildNativeTypeToScriptingClass (7ms)
	initialDomainReloadingComplete (19ms)
	LoadAllAssembliesAndSetupDomain (299ms)
		LoadAssemblies (198ms)
		RebuildTransferFunctionScriptingTraits (0ms)
		AnalyzeDomain (132ms)
			TypeCache.Refresh (106ms)
				TypeCache.ScanAssembly (96ms)
			BuildScriptInfoCaches (18ms)
			ResolveRequiredComponents (6ms)
	FinalizeReload (397ms)
		ReleaseScriptCaches (0ms)
		RebuildScriptCaches (0ms)
		SetupLoadedEditorAssemblies (294ms)
			LogAssemblyErrors (0ms)
			InitializePlatformSupportModulesInManaged (2ms)
			SetLoadedEditorAssemblies (3ms)
			BeforeProcessingInitializeOnLoad (68ms)
			ProcessInitializeOnLoadAttributes (195ms)
			ProcessInitializeOnLoadMethodAttributes (24ms)
			AfterProcessingInitializeOnLoad (1ms)
			EditorAssembliesLoaded (0ms)
		ExecutionOrderSort2 (0ms)
		AwakeInstancesAfterBackupRestoration (2ms)
WARNING: Shader Unsupported: 'Universal Render Pipeline/VR/SpatialMapping/Wireframe' - All subshaders removed
WARNING: Shader Did you use #pragma only_renderers and omit this platform?
WARNING: Shader If subshaders removal was intentional, you may have forgotten turning Fallback off?
WARNING: Shader Unsupported: 'Universal Render Pipeline/VR/SpatialMapping/Wireframe' - All subshaders removed
WARNING: Shader Did you use #pragma only_renderers and omit this platform?
WARNING: Shader If subshaders removal was intentional, you may have forgotten turning Fallback off?
Launching external process: /Applications/Unity/Hub/Editor/6000.2.10f1/Unity.app/Contents/Tools/UnityShaderCompiler
Launched and connected shader compiler UnityShaderCompiler after 0.02 seconds
Refreshing native plugins compatible for Editor in 0.21 ms, found 1 plugins.
Preloading 0 native plugins for Editor in 0.00 ms.
Unloading 29 Unused Serialized files (Serialized files now loaded: 0)
Unloading 6152 unused Assets / (5.4 MB). Loaded Objects now: 6817.
Memory consumption went from 141.1 MB to 135.7 MB.
Total: 4.779083 ms (FindLiveObjects: 0.586417 ms CreateObjectMapping: 0.110375 ms MarkObjects: 2.800125 ms  DeleteObjects: 1.281833 ms)

========================================================================
Received Import Request.
  Time since last request: 483961.129642 seconds.
  path: Assets/Models/Missile Launcher/Missile Launcher.fbm
  artifactKey: Guid(5ff183ca5bb2e4d46b64dc68e4d86a70) Importer(815301076,1909f56bfc062723c751e8b465ee728b)
Start importing Assets/Models/Missile Launcher/Missile Launcher.fbm using Guid(5ff183ca5bb2e4d46b64dc68e4d86a70) Importer(815301076,1909f56bfc062723c751e8b465ee728b) (PreviewImporter) -> (artifact id: '668393999a79a5c62e03ab1ad992bd42') in 0.00669075 seconds
Number of updated asset objects reloaded before import = 0Number of asset objects unloaded after import = 0

========================================================================
Received Import Request.
  Time since last request: 1.525470 seconds.
  path: Assets/Models/Missile Launcher/Materials
  artifactKey: Guid(a830ac6efff4443408191c72cf6d5d00) Importer(815301076,1909f56bfc062723c751e8b465ee728b)
Start importing Assets/Models/Missile Launcher/Materials using Guid(a830ac6efff4443408191c72cf6d5d00) Importer(815301076,1909f56bfc062723c751e8b465ee728b) (PreviewImporter) -> (artifact id: 'c22fefa5b145915661705c0dc25f1a81') in 0.000351459 seconds
Number of updated asset objects reloaded before import = 0Number of asset objects unloaded after import = 0

========================================================================
Received Import Request.
  Time since last request: 0.041592 seconds.
  path: Assets/Models/Missile Launcher/Materials/1K_Body_TXTR.mat
  artifactKey: Guid(0eb160aa7ef04924fbc55ac35e8beac8) Importer(815301076,1909f56bfc062723c751e8b465ee728b)
Start importing Assets/Models/Missile Launcher/Materials/1K_Body_TXTR.mat using Guid(0eb160aa7ef04924fbc55ac35e8beac8) Importer(815301076,1909f56bfc062723c751e8b465ee728b) (PreviewImporter) -> (artifact id: '88625c5b5c47c20c6cfdfca7bd27d8b4') in 0.317534459 seconds
Number of updated asset objects reloaded before import = 0Number of asset objects unloaded after import = 4

========================================================================
Received Import Request.
  Time since last request: 5.042225 seconds.
  path: Assets/Models/Missile Launcher/Textures/1K_Body_NM.tif
  artifactKey: Guid(f5a9ace9395bca9448e50ba6ce2d44ed) Importer(815301076,1909f56bfc062723c751e8b465ee728b)
Start importing Assets/Models/Missile Launcher/Textures/1K_Body_NM.tif using Guid(f5a9ace9395bca9448e50ba6ce2d44ed) Importer(815301076,1909f56bfc062723c751e8b465ee728b) (PreviewImporter) -> (artifact id: 'fbf05acad281083946b8fc0324cd00d7') in 0.014740416 seconds
Number of updated asset objects reloaded before import = 0Number of asset objects unloaded after import = 2

========================================================================
Received Import Request.
  Time since last request: 0.000041 seconds.
  path: Assets/Models/Missile Launcher/Textures/1K_Platform_TXTR.tif
  artifactKey: Guid(dd216ef716bd63b41a8bb795119443b3) Importer(815301076,1909f56bfc062723c751e8b465ee728b)
Start importing Assets/Models/Missile Launcher/Textures/1K_Platform_TXTR.tif using Guid(dd216ef716bd63b41a8bb795119443b3) Importer(815301076,1909f56bfc062723c751e8b465ee728b) (PreviewImporter) -> (artifact id: '428f6e18a83a21d41afb3a69840ea69f') in 0.004628875 seconds
Number of updated asset objects reloaded before import = 0Number of asset objects unloaded after import = 2

========================================================================
Received Import Request.
  Time since last request: 0.000053 seconds.
  path: Assets/Models/Missile Launcher/Textures/1K_Platform_TXTR+SPEC.tif
  artifactKey: Guid(b76df1ccd0b6812488b09438c5b6be5f) Importer(815301076,1909f56bfc062723c751e8b465ee728b)
Start importing Assets/Models/Missile Launcher/Textures/1K_Platform_TXTR+SPEC.tif using Guid(b76df1ccd0b6812488b09438c5b6be5f) Importer(815301076,1909f56bfc062723c751e8b465ee728b) (PreviewImporter) -> (artifact id: 'cf9df3d84b132b8d883809f79a29bfbd') in 0.004832708 seconds
Number of updated asset objects reloaded before import = 0Number of asset objects unloaded after import = 2

========================================================================
Received Import Request.
  Time since last request: 0.000051 seconds.
  path: Assets/Models/Missile Launcher/Textures/1K_Platform_NM.tif
  artifactKey: Guid(5c5223209d4bbd349a9bfcd1a39cb797) Importer(815301076,1909f56bfc062723c751e8b465ee728b)
Start importing Assets/Models/Missile Launcher/Textures/1K_Platform_NM.tif using Guid(5c5223209d4bbd349a9bfcd1a39cb797) Importer(815301076,1909f56bfc062723c751e8b465ee728b) (PreviewImporter) -> (artifact id: '32fbabeb11bba769dd4603fcc21f7782') in 0.004056542 seconds
Number of updated asset objects reloaded before import = 0Number of asset objects unloaded after import = 2

========================================================================
Received Import Request.
  Time since last request: 2.100670 seconds.
  path: Assets/Models/Missile Launcher/Missile Launcher.fbm/1K_Body_NM.tif
  artifactKey: Guid(c63fe005ccf1c49fcbebb83c2fcadb7a) Importer(815301076,1909f56bfc062723c751e8b465ee728b)
Start importing Assets/Models/Missile Launcher/Missile Launcher.fbm/1K_Body_NM.tif using Guid(c63fe005ccf1c49fcbebb83c2fcadb7a) Importer(815301076,1909f56bfc062723c751e8b465ee728b) (PreviewImporter) -> (artifact id: '3e18d2fec1545339d372d0814c108033') in 0.010223209 seconds
Number of updated asset objects reloaded before import = 0Number of asset objects unloaded after import = 2

========================================================================
Received Import Request.
  Time since last request: 0.000043 seconds.
  path: Assets/Models/Missile Launcher/Missile Launcher.fbm/1K_Platform_NM.tif
  artifactKey: Guid(9aec058b1203e40d3b620b1271bb2c89) Importer(815301076,1909f56bfc062723c751e8b465ee728b)
Start importing Assets/Models/Missile Launcher/Missile Launcher.fbm/1K_Platform_NM.tif using Guid(9aec058b1203e40d3b620b1271bb2c89) Importer(815301076,1909f56bfc062723c751e8b465ee728b) (PreviewImporter) -> (artifact id: '413c7b76a18413289fdafa4a0a393c6f') in 0.003731083 seconds
Number of updated asset objects reloaded before import = 0Number of asset objects unloaded after import = 2

========================================================================
Received Import Request.
  Time since last request: 13.220321 seconds.
  path: Assets/Missile Launcher/Info.txt
  artifactKey: Guid(f82c0ae5ba6617840984577ee4055423) Importer(815301076,1909f56bfc062723c751e8b465ee728b)
Start importing Assets/Missile Launcher/Info.txt using Guid(f82c0ae5ba6617840984577ee4055423) Importer(815301076,1909f56bfc062723c751e8b465ee728b) (PreviewImporter) -> (artifact id: '4ac0041772fe601d6b5195627d3a4689') in 0.001743042 seconds
Number of updated asset objects reloaded before import = 0Number of asset objects unloaded after import = 1

========================================================================
Received Import Request.
  Time since last request: 104.823340 seconds.
  path: Assets/Missile Launcher/Textures
  artifactKey: Guid(fb1db739b29f5488ab31a093e8598209) Importer(815301076,1909f56bfc062723c751e8b465ee728b)
Start importing Assets/Missile Launcher/Textures using Guid(fb1db739b29f5488ab31a093e8598209) Importer(815301076,1909f56bfc062723c751e8b465ee728b) (PreviewImporter) -> (artifact id: 'e7fba6a19cc2fd4dce275fc65b6913fe') in 0.001802 seconds
Number of updated asset objects reloaded before import = 0Number of asset objects unloaded after import = 0

========================================================================
Received Import Request.
  Time since last request: 243.412991 seconds.
  path: Assets/Scenes/SampleScene.unity
  artifactKey: Guid(99c9720ab356a0642a771bea13969a05) Importer(2089858483,192608db42251d675da83286b1cce702)
Start importing Assets/Scenes/SampleScene.unity using Guid(99c9720ab356a0642a771bea13969a05) Importer(2089858483,192608db42251d675da83286b1cce702) (ScriptedImporter) -> (artifact id: 'cdace07f92b359ae2af1bb12aaf04a36') in 0.120724709 seconds
Number of updated asset objects reloaded before import = 0Number of asset objects unloaded after import = 1

========================================================================
Received Import Request.
  Time since last request: 7.760461 seconds.
  path: Assets/Missile Launcher/Missile Launcher.fbx
  artifactKey: Guid(a2e2dc37c1fdbdd419db3632766d70aa) Importer(815301076,1909f56bfc062723c751e8b465ee728b)
Start importing Assets/Missile Launcher/Missile Launcher.fbx using Guid(a2e2dc37c1fdbdd419db3632766d70aa) Importer(815301076,1909f56bfc062723c751e8b465ee728b) (PreviewImporter) -> (artifact id: 'cda37d2ff28b5373d562a0480dad9120') in 2.458819916 seconds
Number of updated asset objects reloaded before import = 0Number of asset objects unloaded after import = 25

========================================================================
Received Import Request.
  Time since last request: 327.280089 seconds.
  path: Assets/Models/IronDome.mat
  artifactKey: Guid(f979315ec1b0f4a00b5703e927354cb0) Importer(815301076,1909f56bfc062723c751e8b465ee728b)
Start importing Assets/Models/IronDome.mat using Guid(f979315ec1b0f4a00b5703e927354cb0) Importer(815301076,1909f56bfc062723c751e8b465ee728b) (PreviewImporter) -> (artifact id: '2deaaaa5526373e19d1c5cf20de78fd0') in 0.033928542 seconds
Number of updated asset objects reloaded before import = 0Number of asset objects unloaded after import = 1

========================================================================
Received Import Request.
  Time since last request: 0.859187 seconds.
  path: Assets/Models/IronDome.mat
  artifactKey: Guid(f979315ec1b0f4a00b5703e927354cb0) Importer(2089858483,192608db42251d675da83286b1cce702)
Start importing Assets/Models/IronDome.mat using Guid(f979315ec1b0f4a00b5703e927354cb0) Importer(2089858483,192608db42251d675da83286b1cce702) (ScriptedImporter) -> (artifact id: '23bcc98ba6b73bbbc0c3b8caf10070e9') in 0.022791042 seconds
Number of updated asset objects reloaded before import = 0Number of asset objects unloaded after import = 1

========================================================================
Received Import Request.
  Time since last request: 503.383811 seconds.
  path: Assets/Prefabs/Cube.prefab
  artifactKey: Guid(34f58f4393bce4fafb5465a5b73b61cf) Importer(815301076,1909f56bfc062723c751e8b465ee728b)
Start importing Assets/Prefabs/Cube.prefab using Guid(34f58f4393bce4fafb5465a5b73b61cf) Importer(815301076,1909f56bfc062723c751e8b465ee728b) (PreviewImporter) -> (artifact id: '90ca67351e7f4e31f6526c09cb123fb2') in 0.0621385 seconds
Number of updated asset objects reloaded before import = 0Number of asset objects unloaded after import = 7

========================================================================
Received Import Request.
  Time since last request: 0.840444 seconds.
  path: Assets/Prefabs/Cube.prefab
  artifactKey: Guid(34f58f4393bce4fafb5465a5b73b61cf) Importer(2089858483,192608db42251d675da83286b1cce702)
Start importing Assets/Prefabs/Cube.prefab using Guid(34f58f4393bce4fafb5465a5b73b61cf) Importer(2089858483,192608db42251d675da83286b1cce702) (ScriptedImporter) -> (artifact id: '33659e1f1034fc5e872d91a60597ec73') in 0.039113834 seconds
Number of updated asset objects reloaded before import = 0Number of asset objects unloaded after import = 7

========================================================================
Received Import Request.
  Time since last request: 9.183734 seconds.
  path: Assets/Prefabs/IronDome.prefab
  artifactKey: Guid(34f58f4393bce4fafb5465a5b73b61cf) Importer(815301076,1909f56bfc062723c751e8b465ee728b)
Start importing Assets/Prefabs/IronDome.prefab using Guid(34f58f4393bce4fafb5465a5b73b61cf) Importer(815301076,1909f56bfc062723c751e8b465ee728b) (PreviewImporter) -> (artifact id: 'c3571bb97888c184b2d03ced1af1693d') in 0.013055625 seconds
Number of updated asset objects reloaded before import = 0Number of asset objects unloaded after import = 7

========================================================================
Received Import Request.
  Time since last request: 0.951263 seconds.
  path: Assets/Prefabs/IronDome.prefab
  artifactKey: Guid(34f58f4393bce4fafb5465a5b73b61cf) Importer(2089858483,192608db42251d675da83286b1cce702)
Start importing Assets/Prefabs/IronDome.prefab using Guid(34f58f4393bce4fafb5465a5b73b61cf) Importer(2089858483,192608db42251d675da83286b1cce702) (ScriptedImporter) -> (artifact id: 'ae0988c3cc04c807a420ef7a7231b21f') in 0.003538875 seconds
Number of updated asset objects reloaded before import = 0Number of asset objects unloaded after import = 7

========================================================================
Received Import Request.
  Time since last request: 9.025380 seconds.
  path: Assets/Prefabs/IronDome.prefab
  artifactKey: Guid(34f58f4393bce4fafb5465a5b73b61cf) Importer(815301076,1909f56bfc062723c751e8b465ee728b)
Start importing Assets/Prefabs/IronDome.prefab using Guid(34f58f4393bce4fafb5465a5b73b61cf) Importer(815301076,1909f56bfc062723c751e8b465ee728b) (PreviewImporter) -> (artifact id: 'ecb0a5321c5c075618e77e8ace160a16') in 0.044629 seconds
Number of updated asset objects reloaded before import = 0Number of asset objects unloaded after import = 7

========================================================================
Received Import Request.
  Time since last request: 0.920660 seconds.
  path: Assets/Prefabs/IronDome.prefab
  artifactKey: Guid(34f58f4393bce4fafb5465a5b73b61cf) Importer(2089858483,192608db42251d675da83286b1cce702)
Start importing Assets/Prefabs/IronDome.prefab using Guid(34f58f4393bce4fafb5465a5b73b61cf) Importer(2089858483,192608db42251d675da83286b1cce702) (ScriptedImporter) -> (artifact id: 'be3bd6bbf990a42abb1f4fe3fbec78bb') in 0.00344325 seconds
Number of updated asset objects reloaded before import = 0Number of asset objects unloaded after import = 7

========================================================================
Received Import Request.
  Time since last request: 5.419656 seconds.
  path: Assets/Prefabs/IronDome.prefab
  artifactKey: Guid(34f58f4393bce4fafb5465a5b73b61cf) Importer(815301076,1909f56bfc062723c751e8b465ee728b)
Start importing Assets/Prefabs/IronDome.prefab using Guid(34f58f4393bce4fafb5465a5b73b61cf) Importer(815301076,1909f56bfc062723c751e8b465ee728b) (PreviewImporter) -> (artifact id: 'bac33c3f9b70d58d3aca3f159b10862f') in 0.009588709 seconds
Number of updated asset objects reloaded before import = 0Number of asset objects unloaded after import = 7

========================================================================
Received Import Request.
  Time since last request: 0.961986 seconds.
  path: Assets/Prefabs/IronDome.prefab
  artifactKey: Guid(34f58f4393bce4fafb5465a5b73b61cf) Importer(2089858483,192608db42251d675da83286b1cce702)
Start importing Assets/Prefabs/IronDome.prefab using Guid(34f58f4393bce4fafb5465a5b73b61cf) Importer(2089858483,192608db42251d675da83286b1cce702) (ScriptedImporter) -> (artifact id: '4dfb83b0f9217b7f12fc2752991b31af') in 0.003236917 seconds
Number of updated asset objects reloaded before import = 0Number of asset objects unloaded after import = 7

========================================================================
Received Import Request.
  Time since last request: 1.570182 seconds.
  path: Assets/Prefabs/IronDome.prefab
  artifactKey: Guid(34f58f4393bce4fafb5465a5b73b61cf) Importer(815301076,1909f56bfc062723c751e8b465ee728b)
Start importing Assets/Prefabs/IronDome.prefab using Guid(34f58f4393bce4fafb5465a5b73b61cf) Importer(815301076,1909f56bfc062723c751e8b465ee728b) (PreviewImporter) -> (artifact id: '4650b813b41eff6b8d34ace401d4bffa') in 0.010216167 seconds
Number of updated asset objects reloaded before import = 0Number of asset objects unloaded after import = 7

========================================================================
Received Import Request.
  Time since last request: 0.960023 seconds.
  path: Assets/Prefabs/IronDome.prefab
  artifactKey: Guid(34f58f4393bce4fafb5465a5b73b61cf) Importer(2089858483,192608db42251d675da83286b1cce702)
Start importing Assets/Prefabs/IronDome.prefab using Guid(34f58f4393bce4fafb5465a5b73b61cf) Importer(2089858483,192608db42251d675da83286b1cce702) (ScriptedImporter) -> (artifact id: 'bd32a34e20d1c58af0fabd407b47fa90') in 0.003313417 seconds
Number of updated asset objects reloaded before import = 0Number of asset objects unloaded after import = 7

========================================================================
Received Import Request.
  Time since last request: 2.364820 seconds.
  path: Assets/Prefabs/IronDome.prefab
  artifactKey: Guid(34f58f4393bce4fafb5465a5b73b61cf) Importer(815301076,1909f56bfc062723c751e8b465ee728b)
Start importing Assets/Prefabs/IronDome.prefab using Guid(34f58f4393bce4fafb5465a5b73b61cf) Importer(815301076,1909f56bfc062723c751e8b465ee728b) (PreviewImporter) -> (artifact id: '730d01484229eb6f5304653130f98287') in 0.010849542 seconds
Number of updated asset objects reloaded before import = 0Number of asset objects unloaded after import = 7

========================================================================
Received Import Request.
  Time since last request: 0.962409 seconds.
  path: Assets/Prefabs/IronDome.prefab
  artifactKey: Guid(34f58f4393bce4fafb5465a5b73b61cf) Importer(2089858483,192608db42251d675da83286b1cce702)
Start importing Assets/Prefabs/IronDome.prefab using Guid(34f58f4393bce4fafb5465a5b73b61cf) Importer(2089858483,192608db42251d675da83286b1cce702) (ScriptedImporter) -> (artifact id: 'a82a9c2a69f8d6d084bb98f3f6762cb5') in 0.0035745 seconds
Number of updated asset objects reloaded before import = 0Number of asset objects unloaded after import = 7

========================================================================
Received Import Request.
  Time since last request: 198.177356 seconds.
  path: Assets/Prefabs/IronDome.prefab
  artifactKey: Guid(34f58f4393bce4fafb5465a5b73b61cf) Importer(815301076,1909f56bfc062723c751e8b465ee728b)
Start importing Assets/Prefabs/IronDome.prefab using Guid(34f58f4393bce4fafb5465a5b73b61cf) Importer(815301076,1909f56bfc062723c751e8b465ee728b) (PreviewImporter) -> (artifact id: '7d8499949e3a13153509639e38f4f81b') in 0.055956958 seconds
Number of updated asset objects reloaded before import = 0Number of asset objects unloaded after import = 8

========================================================================
Received Import Request.
  Time since last request: 0.821737 seconds.
  path: Assets/Prefabs/IronDome.prefab
  artifactKey: Guid(34f58f4393bce4fafb5465a5b73b61cf) Importer(2089858483,192608db42251d675da83286b1cce702)
Start importing Assets/Prefabs/IronDome.prefab using Guid(34f58f4393bce4fafb5465a5b73b61cf) Importer(2089858483,192608db42251d675da83286b1cce702) (ScriptedImporter) -> (artifact id: 'a94f358f94893933731cdbe9b69191bc') in 0.011194125 seconds
Number of updated asset objects reloaded before import = 0Number of asset objects unloaded after import = 8

========================================================================
Received Prepare
Begin MonoManager ReloadAssembly
[Licensing::Client] Successfully resolved entitlement details
Thread 0x361187000 may have been prematurely finalized
- Loaded All Assemblies, in  0.409 seconds
Refreshing native plugins compatible for Editor in 0.15 ms, found 1 plugins.
Native extension for OSXStandalone target not found
Native extension for WebGL target not found
[Package Manager] Failed to launch server process. Reason: Unity was launched with the -noUpm command-line argument
[Package Manager] Unable to send message (not connected to server process).
[Package Manager] Cannot connect to Unity Package Manager local server
Mono: successfully reloaded assembly
- Finished resetting the current domain, in  0.347 seconds
Domain Reload Profiling: 757ms
	BeginReloadAssembly (156ms)
		ExecutionOrderSort (0ms)
		DisableScriptedObjects (22ms)
		BackupInstance (0ms)
		ReleaseScriptingObjects (0ms)
		CreateAndSetChildDomain (62ms)
	RebuildCommonClasses (20ms)
	RebuildNativeTypeToScriptingClass (6ms)
	initialDomainReloadingComplete (12ms)
	LoadAllAssembliesAndSetupDomain (216ms)
		LoadAssemblies (155ms)
		RebuildTransferFunctionScriptingTraits (0ms)
		AnalyzeDomain (89ms)
			TypeCache.Refresh (8ms)
				TypeCache.ScanAssembly (0ms)
			BuildScriptInfoCaches (74ms)
			ResolveRequiredComponents (5ms)
	FinalizeReload (347ms)
		ReleaseScriptCaches (0ms)
		RebuildScriptCaches (0ms)
		SetupLoadedEditorAssemblies (274ms)
			LogAssemblyErrors (0ms)
			InitializePlatformSupportModulesInManaged (1ms)
			SetLoadedEditorAssemblies (3ms)
			BeforeProcessingInitializeOnLoad (74ms)
			ProcessInitializeOnLoadAttributes (171ms)
			ProcessInitializeOnLoadMethodAttributes (24ms)
			AfterProcessingInitializeOnLoad (0ms)
			EditorAssembliesLoaded (0ms)
		ExecutionOrderSort2 (0ms)
		AwakeInstancesAfterBackupRestoration (5ms)
WARNING: Shader Unsupported: 'Universal Render Pipeline/VR/SpatialMapping/Wireframe' - All subshaders removed
WARNING: Shader Did you use #pragma only_renderers and omit this platform?
WARNING: Shader If subshaders removal was intentional, you may have forgotten turning Fallback off?
WARNING: Shader Unsupported: 'Universal Render Pipeline/VR/SpatialMapping/Wireframe' - All subshaders removed
WARNING: Shader Did you use #pragma only_renderers and omit this platform?
WARNING: Shader If subshaders removal was intentional, you may have forgotten turning Fallback off?
Refreshing native plugins compatible for Editor in 0.23 ms, found 1 plugins.
Preloading 0 native plugins for Editor in 0.00 ms.
Unloading 27 Unused Serialized files (Serialized files now loaded: 0)
Unloading 6148 unused Assets / (6.0 MB). Loaded Objects now: 6911.
Memory consumption went from 164.0 MB to 157.9 MB.
Total: 5.121250 ms (FindLiveObjects: 0.278583 ms CreateObjectMapping: 0.110458 ms MarkObjects: 2.859167 ms  DeleteObjects: 1.872833 ms)

Prepare: number of updated asset objects reloaded= 0
========================================================================
Received Import Request.
  Time since last request: 446.738613 seconds.
  path: Assets/Scripts/Core/GameManager.cs
  artifactKey: Guid(27f67c10dd5ac4b5fbc34fcdacee86df) Importer(2089858483,192608db42251d675da83286b1cce702)
Start importing Assets/Scripts/Core/GameManager.cs using Guid(27f67c10dd5ac4b5fbc34fcdacee86df) Importer(2089858483,192608db42251d675da83286b1cce702) (ScriptedImporter) -> (artifact id: '71179e006ae6b226de3cd446bd3a3fdd') in 0.130761541 seconds
Number of updated asset objects reloaded before import = 0Number of asset objects unloaded after import = 0

========================================================================
Received Import Request.
  Time since last request: 10797.544972 seconds.
  path: Assets/Scenes/SampleScene.unity
  artifactKey: Guid(99c9720ab356a0642a771bea13969a05) Importer(2089858483,192608db42251d675da83286b1cce702)
Start importing Assets/Scenes/SampleScene.unity using Guid(99c9720ab356a0642a771bea13969a05) Importer(2089858483,192608db42251d675da83286b1cce702) (ScriptedImporter) -> (artifact id: '9565c083b25fcf8aa8a83a6b6c5f11ab') in 0.01841475 seconds
Number of updated asset objects reloaded before import = 0Number of asset objects unloaded after import = 1

========================================================================
Received Prepare
WARNING: Shader Unsupported: 'Universal Render Pipeline/VR/SpatialMapping/Wireframe' - All subshaders removed
WARNING: Shader Did you use #pragma only_renderers and omit this platform?
WARNING: Shader If subshaders removal was intentional, you may have forgotten turning Fallback off?
WARNING: Shader Unsupported: 'Universal Render Pipeline/VR/SpatialMapping/Wireframe' - All subshaders removed
WARNING: Shader Did you use #pragma only_renderers and omit this platform?
WARNING: Shader If subshaders removal was intentional, you may have forgotten turning Fallback off?
Refreshing native plugins compatible for Editor in 0.30 ms, found 1 plugins.
Preloading 0 native plugins for Editor in 0.00 ms.
Unloading 27 Unused Serialized files (Serialized files now loaded: 0)
Unloading 6141 unused Assets / (4.9 MB). Loaded Objects now: 6911.
Memory consumption went from 154.5 MB to 149.5 MB.
Total: 15.739542 ms (FindLiveObjects: 0.437250 ms CreateObjectMapping: 0.116916 ms MarkObjects: 13.256500 ms  DeleteObjects: 1.928625 ms)

Prepare: number of updated asset objects reloaded= 0
========================================================================
Received Import Request.
  Time since last request: 397.659292 seconds.
  path: Assets/Scripts/Core/GameManager.cs
  artifactKey: Guid(27f67c10dd5ac4b5fbc34fcdacee86df) Importer(2089858483,192608db42251d675da83286b1cce702)
Start importing Assets/Scripts/Core/GameManager.cs using Guid(27f67c10dd5ac4b5fbc34fcdacee86df) Importer(2089858483,192608db42251d675da83286b1cce702) (ScriptedImporter) -> (artifact id: 'e105612065e423ebefdddb120e5e260c') in 0.005506875 seconds
Number of updated asset objects reloaded before import = 0Number of asset objects unloaded after import = 0

========================================================================
Received Prepare
WARNING: Shader Unsupported: 'Universal Render Pipeline/VR/SpatialMapping/Wireframe' - All subshaders removed
WARNING: Shader Did you use #pragma only_renderers and omit this platform?
WARNING: Shader If subshaders removal was intentional, you may have forgotten turning Fallback off?
WARNING: Shader Unsupported: 'Universal Render Pipeline/VR/SpatialMapping/Wireframe' - All subshaders removed
WARNING: Shader Did you use #pragma only_renderers and omit this platform?
WARNING: Shader If subshaders removal was intentional, you may have forgotten turning Fallback off?
Refreshing native plugins compatible for Editor in 0.25 ms, found 1 plugins.
Preloading 0 native plugins for Editor in 0.00 ms.
Unloading 27 Unused Serialized files (Serialized files now loaded: 0)
Unloading 6141 unused Assets / (4.3 MB). Loaded Objects now: 6911.
Memory consumption went from 152.1 MB to 147.8 MB.
Total: 20.246750 ms (FindLiveObjects: 0.313958 ms CreateObjectMapping: 0.106625 ms MarkObjects: 18.189167 ms  DeleteObjects: 1.636750 ms)

Prepare: number of updated asset objects reloaded= 0
========================================================================
Received Import Request.
  Time since last request: 228.088008 seconds.
  path: Assets/Scripts/Missiles/Missile.cs
  artifactKey: Guid(c44984cada5314c6e89c0dd51a770705) Importer(2089858483,192608db42251d675da83286b1cce702)
Start importing Assets/Scripts/Missiles/Missile.cs using Guid(c44984cada5314c6e89c0dd51a770705) Importer(2089858483,192608db42251d675da83286b1cce702) (ScriptedImporter) -> (artifact id: '05ba230eabea79ff6f52c3f8e00baeb4') in 0.006714167 seconds
Number of updated asset objects reloaded before import = 0Number of asset objects unloaded after import = 0

========================================================================
Received Import Request.
  Time since last request: 12.601803 seconds.
  path: Assets/Prefabs/GazaSpawner.prefab
  artifactKey: Guid(5237ed11307624c27a1ece3e1a9bb47a) Importer(815301076,1909f56bfc062723c751e8b465ee728b)
Start importing Assets/Prefabs/GazaSpawner.prefab using Guid(5237ed11307624c27a1ece3e1a9bb47a) Importer(815301076,1909f56bfc062723c751e8b465ee728b) (PreviewImporter) -> (artifact id: 'e3244636654c14304a52ba2fa72d49b7') in 0.276117333 seconds
Number of updated asset objects reloaded before import = 0Number of asset objects unloaded after import = 7

========================================================================
Received Import Request.
  Time since last request: 0.617263 seconds.
  path: Assets/Prefabs/GazaSpawner.prefab
  artifactKey: Guid(5237ed11307624c27a1ece3e1a9bb47a) Importer(2089858483,192608db42251d675da83286b1cce702)
Start importing Assets/Prefabs/GazaSpawner.prefab using Guid(5237ed11307624c27a1ece3e1a9bb47a) Importer(2089858483,192608db42251d675da83286b1cce702) (ScriptedImporter) -> (artifact id: 'faac5945bf9a45b25cbec95667920502') in 0.021470292 seconds
Number of updated asset objects reloaded before import = 0Number of asset objects unloaded after import = 7

========================================================================
Received Import Request.
  Time since last request: 115.130553 seconds.
  path: Assets/Prefabs/Missile.prefab
  artifactKey: Guid(3714b9123cc3642199f03ca865456823) Importer(815301076,1909f56bfc062723c751e8b465ee728b)
Start importing Assets/Prefabs/Missile.prefab using Guid(3714b9123cc3642199f03ca865456823) Importer(815301076,1909f56bfc062723c751e8b465ee728b) (PreviewImporter) -> (artifact id: 'f2fdd66e2801f73d2483f02d9b6f4247') in 0.02521525 seconds
Number of updated asset objects reloaded before import = 0Number of asset objects unloaded after import = 7

========================================================================
Received Import Request.
  Time since last request: 0.886972 seconds.
  path: Assets/Prefabs/Missile.prefab
  artifactKey: Guid(3714b9123cc3642199f03ca865456823) Importer(2089858483,192608db42251d675da83286b1cce702)
Start importing Assets/Prefabs/Missile.prefab using Guid(3714b9123cc3642199f03ca865456823) Importer(2089858483,192608db42251d675da83286b1cce702) (ScriptedImporter) -> (artifact id: 'ecf32a8cd759039f61ba8316d35bbb44') in 0.0102195 seconds
Number of updated asset objects reloaded before import = 0Number of asset objects unloaded after import = 7

========================================================================
Received Import Request.
  Time since last request: 19.815473 seconds.
  path: Assets/Scripts/Missiles/Missile.cs
  artifactKey: Guid(c44984cada5314c6e89c0dd51a770705) Importer(815301076,1909f56bfc062723c751e8b465ee728b)
Start importing Assets/Scripts/Missiles/Missile.cs using Guid(c44984cada5314c6e89c0dd51a770705) Importer(815301076,1909f56bfc062723c751e8b465ee728b) (PreviewImporter) -> (artifact id: '7a68ebdbbec3095cebbbb6e613e4d689') in 0.00046 seconds
Number of updated asset objects reloaded before import = 0Number of asset objects unloaded after import = 0

========================================================================
Received Import Request.
  Time since last request: 18.196782 seconds.
  path: Assets/Prefabs/Missile.prefab
  artifactKey: Guid(3714b9123cc3642199f03ca865456823) Importer(815301076,1909f56bfc062723c751e8b465ee728b)
Start importing Assets/Prefabs/Missile.prefab using Guid(3714b9123cc3642199f03ca865456823) Importer(815301076,1909f56bfc062723c751e8b465ee728b) (PreviewImporter) -> (artifact id: 'e82b17258b8f9ada870cc41cd63dd898') in 0.206541125 seconds
Number of updated asset objects reloaded before import = 0Number of asset objects unloaded after import = 11

========================================================================
Received Import Request.
  Time since last request: 0.315468 seconds.
  path: Assets/Prefabs/Missile.prefab
  artifactKey: Guid(3714b9123cc3642199f03ca865456823) Importer(2089858483,192608db42251d675da83286b1cce702)
Start importing Assets/Prefabs/Missile.prefab using Guid(3714b9123cc3642199f03ca865456823) Importer(2089858483,192608db42251d675da83286b1cce702) (ScriptedImporter) -> (artifact id: '706e657dc01ddb2c07811230c8660144') in 0.012208333 seconds
Number of updated asset objects reloaded before import = 0Number of asset objects unloaded after import = 9

========================================================================
Received Import Request.
  Time since last request: 8.243427 seconds.
  path: Assets/Prefabs/Missile.prefab
  artifactKey: Guid(3714b9123cc3642199f03ca865456823) Importer(815301076,1909f56bfc062723c751e8b465ee728b)
Start importing Assets/Prefabs/Missile.prefab using Guid(3714b9123cc3642199f03ca865456823) Importer(815301076,1909f56bfc062723c751e8b465ee728b) (PreviewImporter) -> (artifact id: '29fbe485dc69e968a999c77afd3f4199') in 0.015237375 seconds
Number of updated asset objects reloaded before import = 0Number of asset objects unloaded after import = 9

========================================================================
Received Import Request.
  Time since last request: 0.933190 seconds.
  path: Assets/Prefabs/Missile.prefab
  artifactKey: Guid(3714b9123cc3642199f03ca865456823) Importer(2089858483,192608db42251d675da83286b1cce702)
Start importing Assets/Prefabs/Missile.prefab using Guid(3714b9123cc3642199f03ca865456823) Importer(2089858483,192608db42251d675da83286b1cce702) (ScriptedImporter) -> (artifact id: '0944ba02f33f3a0a2581dff4f6b014b3') in 0.006910375 seconds
Number of updated asset objects reloaded before import = 0Number of asset objects unloaded after import = 8

========================================================================
Received Import Request.
  Time since last request: 28.592070 seconds.
  path: Assets/Prefabs/Missile.prefab
  artifactKey: Guid(3714b9123cc3642199f03ca865456823) Importer(815301076,1909f56bfc062723c751e8b465ee728b)
Start importing Assets/Prefabs/Missile.prefab using Guid(3714b9123cc3642199f03ca865456823) Importer(815301076,1909f56bfc062723c751e8b465ee728b) (PreviewImporter) -> (artifact id: 'a593e2fe985edb5eedc1866b72a495ad') in 0.014323292 seconds
Number of updated asset objects reloaded before import = 0Number of asset objects unloaded after import = 10

========================================================================
Received Import Request.
  Time since last request: 0.899281 seconds.
  path: Assets/Prefabs/Missile.prefab
  artifactKey: Guid(3714b9123cc3642199f03ca865456823) Importer(2089858483,192608db42251d675da83286b1cce702)
Start importing Assets/Prefabs/Missile.prefab using Guid(3714b9123cc3642199f03ca865456823) Importer(2089858483,192608db42251d675da83286b1cce702) (ScriptedImporter) -> (artifact id: 'a92d4493bf3af919d77fa15385185842') in 0.005690417 seconds
Number of updated asset objects reloaded before import = 0Number of asset objects unloaded after import = 9

========================================================================
Received Import Request.
  Time since last request: 42.146584 seconds.
  path: Assets/Prefabs/GazaSpawner.prefab
  artifactKey: Guid(5237ed11307624c27a1ece3e1a9bb47a) Importer(815301076,1909f56bfc062723c751e8b465ee728b)
Start importing Assets/Prefabs/GazaSpawner.prefab using Guid(5237ed11307624c27a1ece3e1a9bb47a) Importer(815301076,1909f56bfc062723c751e8b465ee728b) (PreviewImporter) -> (artifact id: '16b1c6b1b6dfbb5a0551462797a2caa7') in 0.016235292 seconds
Number of updated asset objects reloaded before import = 0Number of asset objects unloaded after import = 8

========================================================================
Received Import Request.
  Time since last request: 0.893170 seconds.
  path: Assets/Prefabs/GazaSpawner.prefab
  artifactKey: Guid(5237ed11307624c27a1ece3e1a9bb47a) Importer(2089858483,192608db42251d675da83286b1cce702)
Start importing Assets/Prefabs/GazaSpawner.prefab using Guid(5237ed11307624c27a1ece3e1a9bb47a) Importer(2089858483,192608db42251d675da83286b1cce702) (ScriptedImporter) -> (artifact id: '5d4117dea961d47f80469efc24de7586') in 0.004027208 seconds
Number of updated asset objects reloaded before import = 0Number of asset objects unloaded after import = 8

========================================================================
Received Import Request.
  Time since last request: 2.249621 seconds.
  path: Assets/Scenes/SampleScene.unity
  artifactKey: Guid(99c9720ab356a0642a771bea13969a05) Importer(2089858483,192608db42251d675da83286b1cce702)
Start importing Assets/Scenes/SampleScene.unity using Guid(99c9720ab356a0642a771bea13969a05) Importer(2089858483,192608db42251d675da83286b1cce702) (ScriptedImporter) -> (artifact id: '4ab66a7229af9c2c4f6a53d499077346') in 0.002766375 seconds
Number of updated asset objects reloaded before import = 0Number of asset objects unloaded after import = 1

========================================================================
Received Prepare
WARNING: Shader Unsupported: 'Universal Render Pipeline/VR/SpatialMapping/Wireframe' - All subshaders removed
WARNING: Shader Did you use #pragma only_renderers and omit this platform?
WARNING: Shader If subshaders removal was intentional, you may have forgotten turning Fallback off?
WARNING: Shader Unsupported: 'Universal Render Pipeline/VR/SpatialMapping/Wireframe' - All subshaders removed
WARNING: Shader Did you use #pragma only_renderers and omit this platform?
WARNING: Shader If subshaders removal was intentional, you may have forgotten turning Fallback off?
Refreshing native plugins compatible for Editor in 0.24 ms, found 1 plugins.
Preloading 0 native plugins for Editor in 0.00 ms.
Unloading 27 Unused Serialized files (Serialized files now loaded: 0)
Unloading 6141 unused Assets / (6.5 MB). Loaded Objects now: 7057.
Memory consumption went from 160.9 MB to 154.4 MB.
Total: 34.305208 ms (FindLiveObjects: 0.318750 ms CreateObjectMapping: 0.107459 ms MarkObjects: 31.097250 ms  DeleteObjects: 2.781250 ms)

Prepare: number of updated asset objects reloaded= 0
========================================================================
Received Import Request.
  Time since last request: 308.640299 seconds.
  path: Assets/Scripts/Input/InputController.cs
  artifactKey: Guid(9b84e7d3b81224da193f9803be6ec094) Importer(2089858483,192608db42251d675da83286b1cce702)
Start importing Assets/Scripts/Input/InputController.cs using Guid(9b84e7d3b81224da193f9803be6ec094) Importer(2089858483,192608db42251d675da83286b1cce702) (ScriptedImporter) -> (artifact id: 'c29c3790b54cb7afce0a5a60c9f5f9f9') in 0.004654917 seconds
Number of updated asset objects reloaded before import = 0Number of asset objects unloaded after import = 0

========================================================================
Received Import Request.
  Time since last request: 97.142014 seconds.
  path: Assets/Scripts/Interceptors/InterceptorManager.cs
  artifactKey: Guid(e41d2a144b7d345f3ae9f4f8e07b4039) Importer(815301076,1909f56bfc062723c751e8b465ee728b)
Start importing Assets/Scripts/Interceptors/InterceptorManager.cs using Guid(e41d2a144b7d345f3ae9f4f8e07b4039) Importer(815301076,1909f56bfc062723c751e8b465ee728b) (PreviewImporter) -> (artifact id: '00efb418e8f76f562139838ea67fcce8') in 0.002228875 seconds
Number of updated asset objects reloaded before import = 0Number of asset objects unloaded after import = 0

========================================================================
Received Import Request.
  Time since last request: 172.068474 seconds.
  path: Assets/Scenes/SampleScene.unity
  artifactKey: Guid(99c9720ab356a0642a771bea13969a05) Importer(2089858483,192608db42251d675da83286b1cce702)
Start importing Assets/Scenes/SampleScene.unity using Guid(99c9720ab356a0642a771bea13969a05) Importer(2089858483,192608db42251d675da83286b1cce702) (ScriptedImporter) -> (artifact id: 'ed553826e7a25a136a28a8cb676ffb09') in 0.009512042 seconds
Number of updated asset objects reloaded before import = 0Number of asset objects unloaded after import = 1

========================================================================
Received Import Request.
  Time since last request: 21.642064 seconds.
  path: Assets/Scenes/SampleScene.unity
  artifactKey: Guid(99c9720ab356a0642a771bea13969a05) Importer(2089858483,192608db42251d675da83286b1cce702)
Start importing Assets/Scenes/SampleScene.unity using Guid(99c9720ab356a0642a771bea13969a05) Importer(2089858483,192608db42251d675da83286b1cce702) (ScriptedImporter) -> (artifact id: '80c48dd192bb23d72b67db84fe49773a') in 0.00278825 seconds
Number of updated asset objects reloaded before import = 0Number of asset objects unloaded after import = 1

========================================================================
Received Prepare
WARNING: Shader Unsupported: 'Universal Render Pipeline/VR/SpatialMapping/Wireframe' - All subshaders removed
WARNING: Shader Did you use #pragma only_renderers and omit this platform?
WARNING: Shader If subshaders removal was intentional, you may have forgotten turning Fallback off?
WARNING: Shader Unsupported: 'Universal Render Pipeline/VR/SpatialMapping/Wireframe' - All subshaders removed
WARNING: Shader Did you use #pragma only_renderers and omit this platform?
WARNING: Shader If subshaders removal was intentional, you may have forgotten turning Fallback off?
Refreshing native plugins compatible for Editor in 0.24 ms, found 1 plugins.
Preloading 0 native plugins for Editor in 0.00 ms.
Unloading 27 Unused Serialized files (Serialized files now loaded: 0)
Unloading 6142 unused Assets / (6.7 MB). Loaded Objects now: 7058.
Memory consumption went from 158.5 MB to 151.8 MB.
Total: 33.096292 ms (FindLiveObjects: 0.326292 ms CreateObjectMapping: 0.101167 ms MarkObjects: 30.172500 ms  DeleteObjects: 2.496167 ms)

Prepare: number of updated asset objects reloaded= 0
========================================================================
Received Import Request.
  Time since last request: 52.374796 seconds.
  path: Assets/Scripts/Core/GamePhase.cs
  artifactKey: Guid(5c6fca0cc6c8145a281ded625002fb72) Importer(2089858483,192608db42251d675da83286b1cce702)
Start importing Assets/Scripts/Core/GamePhase.cs using Guid(5c6fca0cc6c8145a281ded625002fb72) Importer(2089858483,192608db42251d675da83286b1cce702) (ScriptedImporter) -> (artifact id: 'd86f92a3f710ab0fe8f29c39fdc4fb37') in 0.003569917 seconds
Number of updated asset objects reloaded before import = 0Number of asset objects unloaded after import = 0

========================================================================
Received Prepare
WARNING: Shader Unsupported: 'Universal Render Pipeline/VR/SpatialMapping/Wireframe' - All subshaders removed
WARNING: Shader Did you use #pragma only_renderers and omit this platform?
WARNING: Shader If subshaders removal was intentional, you may have forgotten turning Fallback off?
WARNING: Shader Unsupported: 'Universal Render Pipeline/VR/SpatialMapping/Wireframe' - All subshaders removed
WARNING: Shader Did you use #pragma only_renderers and omit this platform?
WARNING: Shader If subshaders removal was intentional, you may have forgotten turning Fallback off?
Refreshing native plugins compatible for Editor in 0.90 ms, found 1 plugins.
Preloading 0 native plugins for Editor in 0.00 ms.
Unloading 27 Unused Serialized files (Serialized files now loaded: 0)
Unloading 6141 unused Assets / (6.0 MB). Loaded Objects now: 7057.
Memory consumption went from 156.2 MB to 150.2 MB.
Total: 53.166334 ms (FindLiveObjects: 0.344458 ms CreateObjectMapping: 0.115792 ms MarkObjects: 50.916541 ms  DeleteObjects: 1.789167 ms)

Prepare: number of updated asset objects reloaded= 0
========================================================================
Received Prepare
WARNING: Shader Unsupported: 'Universal Render Pipeline/VR/SpatialMapping/Wireframe' - All subshaders removed
WARNING: Shader Did you use #pragma only_renderers and omit this platform?
WARNING: Shader If subshaders removal was intentional, you may have forgotten turning Fallback off?
WARNING: Shader Unsupported: 'Universal Render Pipeline/VR/SpatialMapping/Wireframe' - All subshaders removed
WARNING: Shader Did you use #pragma only_renderers and omit this platform?
WARNING: Shader If subshaders removal was intentional, you may have forgotten turning Fallback off?
Refreshing native plugins compatible for Editor in 1.13 ms, found 1 plugins.
Preloading 0 native plugins for Editor in 0.00 ms.
Unloading 27 Unused Serialized files (Serialized files now loaded: 0)
Unloading 6142 unused Assets / (5.8 MB). Loaded Objects now: 7058.
Memory consumption went from 154.0 MB to 148.2 MB.
Total: 95.584458 ms (FindLiveObjects: 0.342459 ms CreateObjectMapping: 0.123583 ms MarkObjects: 92.960042 ms  DeleteObjects: 2.157833 ms)

Prepare: number of updated asset objects reloaded= 0
========================================================================
Received Import Request.
  Time since last request: 266.114438 seconds.
  path: Assets/Scripts/Core/Enums.cs
  artifactKey: Guid(5a2cd57f8d5244eb5896ad3298c3fd60) Importer(2089858483,192608db42251d675da83286b1cce702)
Start importing Assets/Scripts/Core/Enums.cs using Guid(5a2cd57f8d5244eb5896ad3298c3fd60) Importer(2089858483,192608db42251d675da83286b1cce702) (ScriptedImporter) -> (artifact id: '9b197ac164f2726c4a3dfa69ceb49a8c') in 0.003165 seconds
Number of updated asset objects reloaded before import = 0Number of asset objects unloaded after import = 0

========================================================================
Received Prepare
WARNING: Shader Unsupported: 'Universal Render Pipeline/VR/SpatialMapping/Wireframe' - All subshaders removed
WARNING: Shader Did you use #pragma only_renderers and omit this platform?
WARNING: Shader If subshaders removal was intentional, you may have forgotten turning Fallback off?
WARNING: Shader Unsupported: 'Universal Render Pipeline/VR/SpatialMapping/Wireframe' - All subshaders removed
WARNING: Shader Did you use #pragma only_renderers and omit this platform?
WARNING: Shader If subshaders removal was intentional, you may have forgotten turning Fallback off?
Refreshing native plugins compatible for Editor in 0.58 ms, found 1 plugins.
Preloading 0 native plugins for Editor in 0.00 ms.
Unloading 27 Unused Serialized files (Serialized files now loaded: 0)
Unloading 6140 unused Assets / (6.6 MB). Loaded Objects now: 7056.
Memory consumption went from 151.6 MB to 145.0 MB.
Total: 43.647292 ms (FindLiveObjects: 0.830167 ms CreateObjectMapping: 0.136583 ms MarkObjects: 40.006250 ms  DeleteObjects: 2.673875 ms)

Prepare: number of updated asset objects reloaded= 0
========================================================================
Received Import Request.
  Time since last request: 175.715799 seconds.
  path: Assets/Scripts/Core/Enums.cs
  artifactKey: Guid(5a2cd57f8d5244eb5896ad3298c3fd60) Importer(2089858483,192608db42251d675da83286b1cce702)
Start importing Assets/Scripts/Core/Enums.cs using Guid(5a2cd57f8d5244eb5896ad3298c3fd60) Importer(2089858483,192608db42251d675da83286b1cce702) (ScriptedImporter) -> (artifact id: 'd3bf5b19a5461af2ac5247ab8e5d9b78') in 0.002869125 seconds
Number of updated asset objects reloaded before import = 0Number of asset objects unloaded after import = 0

========================================================================
Received Import Request.
  Time since last request: 0.000051 seconds.
  path: Assets/Scripts/Missiles/MissileSpawner.cs
  artifactKey: Guid(cd099d36cdd874e66a3a5ebfa849ad2b) Importer(2089858483,192608db42251d675da83286b1cce702)
Start importing Assets/Scripts/Missiles/MissileSpawner.cs using Guid(cd099d36cdd874e66a3a5ebfa849ad2b) Importer(2089858483,192608db42251d675da83286b1cce702) (ScriptedImporter) -> (artifact id: 'b53d92df896c32b30412a283e72bc126') in 0.002148 seconds
Number of updated asset objects reloaded before import = 0Number of asset objects unloaded after import = 0

========================================================================
Received Import Request.
  Time since last request: 0.000063 seconds.
  path: Assets/Scripts/Interceptors/InterceptorManager.cs
  artifactKey: Guid(e41d2a144b7d345f3ae9f4f8e07b4039) Importer(2089858483,192608db42251d675da83286b1cce702)
Start importing Assets/Scripts/Interceptors/InterceptorManager.cs using Guid(e41d2a144b7d345f3ae9f4f8e07b4039) Importer(2089858483,192608db42251d675da83286b1cce702) (ScriptedImporter) -> (artifact id: '5b59fb1047bdcef212fd40fecce2f909') in 0.0020555 seconds
Number of updated asset objects reloaded before import = 0Number of asset objects unloaded after import = 0

========================================================================
Received Prepare
Begin MonoManager ReloadAssembly
[Licensing::Client] Successfully resolved entitlement details
Thread 0x16bfaf000 may have been prematurely finalized
- Loaded All Assemblies, in  0.437 seconds
Refreshing native plugins compatible for Editor in 0.16 ms, found 1 plugins.
Native extension for OSXStandalone target not found
Native extension for WebGL target not found
[Package Manager] Failed to launch server process. Reason: Unity was launched with the -noUpm command-line argument
[Package Manager] Unable to send message (not connected to server process).
[Package Manager] Cannot connect to Unity Package Manager local server
Mono: successfully reloaded assembly
- Finished resetting the current domain, in  0.388 seconds
Domain Reload Profiling: 827ms
	BeginReloadAssembly (173ms)
		ExecutionOrderSort (0ms)
		DisableScriptedObjects (16ms)
		BackupInstance (0ms)
		ReleaseScriptingObjects (0ms)
		CreateAndSetChildDomain (77ms)
	RebuildCommonClasses (20ms)
	RebuildNativeTypeToScriptingClass (7ms)
	initialDomainReloadingComplete (13ms)
	LoadAllAssembliesAndSetupDomain (226ms)
		LoadAssemblies (162ms)
		RebuildTransferFunctionScriptingTraits (0ms)
		AnalyzeDomain (102ms)
			TypeCache.Refresh (9ms)
				TypeCache.ScanAssembly (0ms)
			BuildScriptInfoCaches (85ms)
			ResolveRequiredComponents (5ms)
	FinalizeReload (388ms)
		ReleaseScriptCaches (0ms)
		RebuildScriptCaches (0ms)
		SetupLoadedEditorAssemblies (306ms)
			LogAssemblyErrors (0ms)
			InitializePlatformSupportModulesInManaged (2ms)
			SetLoadedEditorAssemblies (4ms)
			BeforeProcessingInitializeOnLoad (94ms)
			ProcessInitializeOnLoadAttributes (180ms)
			ProcessInitializeOnLoadMethodAttributes (24ms)
			AfterProcessingInitializeOnLoad (1ms)
			EditorAssembliesLoaded (0ms)
		ExecutionOrderSort2 (0ms)
		AwakeInstancesAfterBackupRestoration (6ms)
WARNING: Shader Unsupported: 'Universal Render Pipeline/VR/SpatialMapping/Wireframe' - All subshaders removed
WARNING: Shader Did you use #pragma only_renderers and omit this platform?
WARNING: Shader If subshaders removal was intentional, you may have forgotten turning Fallback off?
WARNING: Shader Unsupported: 'Universal Render Pipeline/VR/SpatialMapping/Wireframe' - All subshaders removed
WARNING: Shader Did you use #pragma only_renderers and omit this platform?
WARNING: Shader If subshaders removal was intentional, you may have forgotten turning Fallback off?
Refreshing native plugins compatible for Editor in 0.20 ms, found 1 plugins.
Preloading 0 native plugins for Editor in 0.00 ms.
Unloading 27 Unused Serialized files (Serialized files now loaded: 0)
Unloading 6146 unused Assets / (6.1 MB). Loaded Objects now: 6935.
Memory consumption went from 153.6 MB to 147.5 MB.
Total: 4.285958 ms (FindLiveObjects: 0.244834 ms CreateObjectMapping: 0.097125 ms MarkObjects: 2.541333 ms  DeleteObjects: 1.402250 ms)

Prepare: number of updated asset objects reloaded= 0
========================================================================
Received Prepare
WARNING: Shader Unsupported: 'Universal Render Pipeline/VR/SpatialMapping/Wireframe' - All subshaders removed
WARNING: Shader Did you use #pragma only_renderers and omit this platform?
WARNING: Shader If subshaders removal was intentional, you may have forgotten turning Fallback off?
WARNING: Shader Unsupported: 'Universal Render Pipeline/VR/SpatialMapping/Wireframe' - All subshaders removed
WARNING: Shader Did you use #pragma only_renderers and omit this platform?
WARNING: Shader If subshaders removal was intentional, you may have forgotten turning Fallback off?
Refreshing native plugins compatible for Editor in 0.21 ms, found 1 plugins.
Preloading 0 native plugins for Editor in 0.00 ms.
Unloading 27 Unused Serialized files (Serialized files now loaded: 0)
Unloading 6139 unused Assets / (6.3 MB). Loaded Objects now: 6934.
Memory consumption went from 145.3 MB to 139.0 MB.
Total: 6.636458 ms (FindLiveObjects: 0.271625 ms CreateObjectMapping: 0.099333 ms MarkObjects: 3.501500 ms  DeleteObjects: 2.763667 ms)

Prepare: number of updated asset objects reloaded= 0
========================================================================
Received Prepare
Begin MonoManager ReloadAssembly
Thread 0x16bfaf000 may have been prematurely finalized
- Loaded All Assemblies, in  0.437 seconds
Refreshing native plugins compatible for Editor in 0.27 ms, found 1 plugins.
Native extension for OSXStandalone target not found
Native extension for WebGL target not found
[Package Manager] Failed to launch server process. Reason: Unity was launched with the -noUpm command-line argument
[Package Manager] Unable to send message (not connected to server process).
[Package Manager] Cannot connect to Unity Package Manager local server
Mono: successfully reloaded assembly
- Finished resetting the current domain, in  0.359 seconds
Domain Reload Profiling: 797ms
	BeginReloadAssembly (147ms)
		ExecutionOrderSort (0ms)
		DisableScriptedObjects (5ms)
		BackupInstance (0ms)
		ReleaseScriptingObjects (0ms)
		CreateAndSetChildDomain (50ms)
	RebuildCommonClasses (22ms)
	RebuildNativeTypeToScriptingClass (7ms)
	initialDomainReloadingComplete (15ms)
	LoadAllAssembliesAndSetupDomain (247ms)
		LoadAssemblies (185ms)
		RebuildTransferFunctionScriptingTraits (0ms)
		AnalyzeDomain (106ms)
			TypeCache.Refresh (15ms)
				TypeCache.ScanAssembly (0ms)
			BuildScriptInfoCaches (83ms)
			ResolveRequiredComponents (6ms)
	FinalizeReload (359ms)
		ReleaseScriptCaches (0ms)
		RebuildScriptCaches (0ms)
		SetupLoadedEditorAssemblies (280ms)
			LogAssemblyErrors (0ms)
			InitializePlatformSupportModulesInManaged (1ms)
			SetLoadedEditorAssemblies (3ms)
			BeforeProcessingInitializeOnLoad (73ms)
			ProcessInitializeOnLoadAttributes (177ms)
			ProcessInitializeOnLoadMethodAttributes (24ms)
			AfterProcessingInitializeOnLoad (1ms)
			EditorAssembliesLoaded (0ms)
		ExecutionOrderSort2 (0ms)
		AwakeInstancesAfterBackupRestoration (6ms)
WARNING: Shader Unsupported: 'Universal Render Pipeline/VR/SpatialMapping/Wireframe' - All subshaders removed
WARNING: Shader Did you use #pragma only_renderers and omit this platform?
WARNING: Shader If subshaders removal was intentional, you may have forgotten turning Fallback off?
WARNING: Shader Unsupported: 'Universal Render Pipeline/VR/SpatialMapping/Wireframe' - All subshaders removed
WARNING: Shader Did you use #pragma only_renderers and omit this platform?
WARNING: Shader If subshaders removal was intentional, you may have forgotten turning Fallback off?
Refreshing native plugins compatible for Editor in 0.19 ms, found 1 plugins.
Preloading 0 native plugins for Editor in 0.00 ms.
Unloading 27 Unused Serialized files (Serialized files now loaded: 0)
Unloading 6145 unused Assets / (6.1 MB). Loaded Objects now: 6937.
Memory consumption went from 151.3 MB to 145.2 MB.
Total: 4.388417 ms (FindLiveObjects: 0.226042 ms CreateObjectMapping: 0.096292 ms MarkObjects: 2.626541 ms  DeleteObjects: 1.439334 ms)

Prepare: number of updated asset objects reloaded= 0
========================================================================
Received Prepare
WARNING: Shader Unsupported: 'Universal Render Pipeline/VR/SpatialMapping/Wireframe' - All subshaders removed
WARNING: Shader Did you use #pragma only_renderers and omit this platform?
WARNING: Shader If subshaders removal was intentional, you may have forgotten turning Fallback off?
WARNING: Shader Unsupported: 'Universal Render Pipeline/VR/SpatialMapping/Wireframe' - All subshaders removed
WARNING: Shader Did you use #pragma only_renderers and omit this platform?
WARNING: Shader If subshaders removal was intentional, you may have forgotten turning Fallback off?
Refreshing native plugins compatible for Editor in 0.24 ms, found 1 plugins.
Preloading 0 native plugins for Editor in 0.00 ms.
Unloading 27 Unused Serialized files (Serialized files now loaded: 0)
Unloading 6138 unused Assets / (6.5 MB). Loaded Objects now: 6936.
Memory consumption went from 145.4 MB to 138.9 MB.
Total: 5.229667 ms (FindLiveObjects: 0.224708 ms CreateObjectMapping: 0.127167 ms MarkObjects: 2.667792 ms  DeleteObjects: 2.209792 ms)

Prepare: number of updated asset objects reloaded= 0
========================================================================
Received Prepare
Begin MonoManager ReloadAssembly
Thread 0x16bfaf000 may have been prematurely finalized
- Loaded All Assemblies, in  0.407 seconds
Refreshing native plugins compatible for Editor in 0.15 ms, found 1 plugins.
Native extension for OSXStandalone target not found
Native extension for WebGL target not found
[Package Manager] Failed to launch server process. Reason: Unity was launched with the -noUpm command-line argument
[Package Manager] Unable to send message (not connected to server process).
[Package Manager] Cannot connect to Unity Package Manager local server
Mono: successfully reloaded assembly
- Finished resetting the current domain, in  0.376 seconds
Domain Reload Profiling: 786ms
	BeginReloadAssembly (111ms)
		ExecutionOrderSort (0ms)
		DisableScriptedObjects (4ms)
		BackupInstance (0ms)
		ReleaseScriptingObjects (0ms)
		CreateAndSetChildDomain (39ms)
	RebuildCommonClasses (23ms)
	RebuildNativeTypeToScriptingClass (7ms)
	initialDomainReloadingComplete (13ms)
	LoadAllAssembliesAndSetupDomain (255ms)
		LoadAssemblies (169ms)
		RebuildTransferFunctionScriptingTraits (0ms)
		AnalyzeDomain (116ms)
			TypeCache.Refresh (18ms)
				TypeCache.ScanAssembly (0ms)
			BuildScriptInfoCaches (85ms)
			ResolveRequiredComponents (6ms)
	FinalizeReload (377ms)
		ReleaseScriptCaches (0ms)
		RebuildScriptCaches (0ms)
		SetupLoadedEditorAssemblies (293ms)
			LogAssemblyErrors (0ms)
			InitializePlatformSupportModulesInManaged (1ms)
			SetLoadedEditorAssemblies (4ms)
			BeforeProcessingInitializeOnLoad (79ms)
			ProcessInitializeOnLoadAttributes (183ms)
			ProcessInitializeOnLoadMethodAttributes (25ms)
			AfterProcessingInitializeOnLoad (0ms)
			EditorAssembliesLoaded (0ms)
		ExecutionOrderSort2 (0ms)
		AwakeInstancesAfterBackupRestoration (6ms)
WARNING: Shader Unsupported: 'Universal Render Pipeline/VR/SpatialMapping/Wireframe' - All subshaders removed
WARNING: Shader Did you use #pragma only_renderers and omit this platform?
WARNING: Shader If subshaders removal was intentional, you may have forgotten turning Fallback off?
WARNING: Shader Unsupported: 'Universal Render Pipeline/VR/SpatialMapping/Wireframe' - All subshaders removed
WARNING: Shader Did you use #pragma only_renderers and omit this platform?
WARNING: Shader If subshaders removal was intentional, you may have forgotten turning Fallback off?
Refreshing native plugins compatible for Editor in 0.21 ms, found 1 plugins.
Preloading 0 native plugins for Editor in 0.00 ms.
Unloading 27 Unused Serialized files (Serialized files now loaded: 0)
Unloading 6144 unused Assets / (6.3 MB). Loaded Objects now: 6939.
Memory consumption went from 151.4 MB to 145.0 MB.
Total: 5.029792 ms (FindLiveObjects: 0.273333 ms CreateObjectMapping: 0.104750 ms MarkObjects: 3.147209 ms  DeleteObjects: 1.504250 ms)

Prepare: number of updated asset objects reloaded= 0
========================================================================
Received Prepare
WARNING: Shader Unsupported: 'Universal Render Pipeline/VR/SpatialMapping/Wireframe' - All subshaders removed
WARNING: Shader Did you use #pragma only_renderers and omit this platform?
WARNING: Shader If subshaders removal was intentional, you may have forgotten turning Fallback off?
WARNING: Shader Unsupported: 'Universal Render Pipeline/VR/SpatialMapping/Wireframe' - All subshaders removed
WARNING: Shader Did you use #pragma only_renderers and omit this platform?
WARNING: Shader If subshaders removal was intentional, you may have forgotten turning Fallback off?
Refreshing native plugins compatible for Editor in 0.19 ms, found 1 plugins.
Preloading 0 native plugins for Editor in 0.00 ms.
Unloading 27 Unused Serialized files (Serialized files now loaded: 0)
Unloading 6137 unused Assets / (6.5 MB). Loaded Objects now: 6938.
Memory consumption went from 145.4 MB to 138.9 MB.
Total: 6.093250 ms (FindLiveObjects: 0.283167 ms CreateObjectMapping: 0.102250 ms MarkObjects: 3.408541 ms  DeleteObjects: 2.299042 ms)

Prepare: number of updated asset objects reloaded= 0
========================================================================
Received Prepare
Begin MonoManager ReloadAssembly
Thread 0x16bfaf000 may have been prematurely finalized
- Loaded All Assemblies, in  0.541 seconds
Refreshing native plugins compatible for Editor in 0.37 ms, found 1 plugins.
Native extension for OSXStandalone target not found
Native extension for WebGL target not found
[Package Manager] Failed to launch server process. Reason: Unity was launched with the -noUpm command-line argument
[Package Manager] Unable to send message (not connected to server process).
[Package Manager] Cannot connect to Unity Package Manager local server
Mono: successfully reloaded assembly
- Finished resetting the current domain, in  0.414 seconds
Domain Reload Profiling: 957ms
	BeginReloadAssembly (103ms)
		ExecutionOrderSort (0ms)
		DisableScriptedObjects (3ms)
		BackupInstance (0ms)
		ReleaseScriptingObjects (0ms)
		CreateAndSetChildDomain (39ms)
	RebuildCommonClasses (41ms)
	RebuildNativeTypeToScriptingClass (7ms)
	initialDomainReloadingComplete (16ms)
	LoadAllAssembliesAndSetupDomain (376ms)
		LoadAssemblies (277ms)
		RebuildTransferFunctionScriptingTraits (0ms)
		AnalyzeDomain (123ms)
			TypeCache.Refresh (19ms)
				TypeCache.ScanAssembly (0ms)
			BuildScriptInfoCaches (93ms)
			ResolveRequiredComponents (7ms)
	FinalizeReload (414ms)
		ReleaseScriptCaches (0ms)
		RebuildScriptCaches (0ms)
		SetupLoadedEditorAssemblies (321ms)
			LogAssemblyErrors (0ms)
			InitializePlatformSupportModulesInManaged (3ms)
			SetLoadedEditorAssemblies (4ms)
			BeforeProcessingInitializeOnLoad (107ms)
			ProcessInitializeOnLoadAttributes (180ms)
			ProcessInitializeOnLoadMethodAttributes (27ms)
			AfterProcessingInitializeOnLoad (0ms)
			EditorAssembliesLoaded (0ms)
		ExecutionOrderSort2 (0ms)
		AwakeInstancesAfterBackupRestoration (7ms)
WARNING: Shader Unsupported: 'Universal Render Pipeline/VR/SpatialMapping/Wireframe' - All subshaders removed
WARNING: Shader Did you use #pragma only_renderers and omit this platform?
WARNING: Shader If subshaders removal was intentional, you may have forgotten turning Fallback off?
WARNING: Shader Unsupported: 'Universal Render Pipeline/VR/SpatialMapping/Wireframe' - All subshaders removed
WARNING: Shader Did you use #pragma only_renderers and omit this platform?
WARNING: Shader If subshaders removal was intentional, you may have forgotten turning Fallback off?
Refreshing native plugins compatible for Editor in 0.20 ms, found 1 plugins.
Preloading 0 native plugins for Editor in 0.00 ms.
Unloading 27 Unused Serialized files (Serialized files now loaded: 0)
Unloading 6143 unused Assets / (6.1 MB). Loaded Objects now: 6941.
Memory consumption went from 151.4 MB to 145.3 MB.
Total: 4.330333 ms (FindLiveObjects: 0.258667 ms CreateObjectMapping: 0.101667 ms MarkObjects: 2.539833 ms  DeleteObjects: 1.429875 ms)

Prepare: number of updated asset objects reloaded= 0
Editor requested this worker to shutdown with reason: Scaling down because of idle timeout
AssetImportWorker is now disconnected from the server
Process exiting
